{"/Users/macbook/Documents/MyPharm_backend/node-backend/src/app.js": {"path":"/Users/macbook/Documents/MyPharm_backend/node-backend/src/app.js","statementMap":{"0":{"start":{"line":2,"column":16},"end":{"line":2,"column":34}},"1":{"start":{"line":3,"column":12},"end":{"line":3,"column":21}},"2":{"start":{"line":4,"column":13},"end":{"line":4,"column":28}},"3":{"start":{"line":5,"column":21},"end":{"line":5,"column":45}},"4":{"start":{"line":6,"column":23},"end":{"line":6,"column":61}},"5":{"start":{"line":9,"column":0},"end":{"line":13,"column":1}},"6":{"start":{"line":14,"column":0},"end":{"line":14,"column":15}},"7":{"start":{"line":15,"column":0},"end":{"line":15,"column":24}},"8":{"start":{"line":18,"column":0},"end":{"line":18,"column":23}},"9":{"start":{"line":21,"column":21},"end":{"line":21,"column":54}},"10":{"start":{"line":22,"column":18},"end":{"line":22,"column":48}},"11":{"start":{"line":23,"column":22},"end":{"line":23,"column":56}},"12":{"start":{"line":24,"column":19},"end":{"line":24,"column":50}},"13":{"start":{"line":26,"column":0},"end":{"line":26,"column":31}},"14":{"start":{"line":27,"column":0},"end":{"line":27,"column":34}},"15":{"start":{"line":28,"column":0},"end":{"line":28,"column":37}},"16":{"start":{"line":29,"column":0},"end":{"line":29,"column":30}},"17":{"start":{"line":31,"column":0},"end":{"line":35,"column":2}},"18":{"start":{"line":32,"column":16},"end":{"line":32,"column":38}},"19":{"start":{"line":33,"column":4},"end":{"line":33,"column":20}},"20":{"start":{"line":34,"column":4},"end":{"line":34,"column":13}},"21":{"start":{"line":38,"column":0},"end":{"line":46,"column":2}},"22":{"start":{"line":39,"column":4},"end":{"line":39,"column":33}},"23":{"start":{"line":40,"column":4},"end":{"line":45,"column":6}},"24":{"start":{"line":48,"column":0},"end":{"line":48,"column":20}}},"fnMap":{"0":{"name":"(anonymous_0)","decl":{"start":{"line":31,"column":8},"end":{"line":31,"column":9}},"loc":{"start":{"line":31,"column":28},"end":{"line":35,"column":1}},"line":31},"1":{"name":"(anonymous_1)","decl":{"start":{"line":38,"column":8},"end":{"line":38,"column":9}},"loc":{"start":{"line":38,"column":33},"end":{"line":46,"column":1}},"line":38}},"branchMap":{"0":{"loc":{"start":{"line":39,"column":15},"end":{"line":39,"column":32}},"type":"binary-expr","locations":[{"start":{"line":39,"column":15},"end":{"line":39,"column":25}},{"start":{"line":39,"column":29},"end":{"line":39,"column":32}}],"line":39},"1":{"loc":{"start":{"line":42,"column":20},"end":{"line":42,"column":37}},"type":"binary-expr","locations":[{"start":{"line":42,"column":20},"end":{"line":42,"column":30}},{"start":{"line":42,"column":34},"end":{"line":42,"column":37}}],"line":42},"2":{"loc":{"start":{"line":43,"column":21},"end":{"line":43,"column":59}},"type":"binary-expr","locations":[{"start":{"line":43,"column":21},"end":{"line":43,"column":32}},{"start":{"line":43,"column":36},"end":{"line":43,"column":59}}],"line":43}},"s":{"0":1,"1":1,"2":1,"3":1,"4":1,"5":1,"6":1,"7":1,"8":1,"9":1,"10":1,"11":1,"12":1,"13":1,"14":1,"15":1,"16":1,"17":1,"18":0,"19":0,"20":0,"21":1,"22":0,"23":0,"24":1},"f":{"0":0,"1":0},"b":{"0":[0,0],"1":[0,0],"2":[0,0]},"_coverageSchema":"1a1c01bbd47fc00a2c39e90264f33305004495a9","hash":"870ba2bb9031bb027e5d3f8823af42e08c0e703e"}
,"/Users/macbook/Documents/MyPharm_backend/node-backend/src/config/logger.js": {"path":"/Users/macbook/Documents/MyPharm_backend/node-backend/src/config/logger.js","statementMap":{"0":{"start":{"line":5,"column":4},"end":{"line":5,"column":22}},"1":{"start":{"line":6,"column":0},"end":{"line":6,"column":26}},"2":{"start":{"line":7,"column":15},"end":{"line":16,"column":2}},"3":{"start":{"line":18,"column":0},"end":{"line":18,"column":24}}},"fnMap":{},"branchMap":{},"s":{"0":1,"1":1,"2":1,"3":1},"f":{},"b":{},"_coverageSchema":"1a1c01bbd47fc00a2c39e90264f33305004495a9","hash":"c3f6d094ad0b137ea418fcf4b42cb20dd8e7830c"}
,"/Users/macbook/Documents/MyPharm_backend/node-backend/src/controllers/Auth/Auth.controller.js": {"path":"/Users/macbook/Documents/MyPharm_backend/node-backend/src/controllers/Auth/Auth.controller.js","statementMap":{"0":{"start":{"line":1,"column":13},"end":{"line":1,"column":47}},"1":{"start":{"line":2,"column":15},"end":{"line":2,"column":32}},"2":{"start":{"line":3,"column":12},"end":{"line":3,"column":35}},"3":{"start":{"line":6,"column":0},"end":{"line":58,"column":1}},"4":{"start":{"line":12,"column":8},"end":{"line":12,"column":16}},"5":{"start":{"line":14,"column":4},"end":{"line":18,"column":5}},"6":{"start":{"line":15,"column":8},"end":{"line":17,"column":10}},"7":{"start":{"line":19,"column":4},"end":{"line":23,"column":5}},"8":{"start":{"line":20,"column":8},"end":{"line":22,"column":10}},"9":{"start":{"line":25,"column":22},"end":{"line":30,"column":11}},"10":{"start":{"line":28,"column":23},"end":{"line":30,"column":10}},"11":{"start":{"line":32,"column":4},"end":{"line":36,"column":5}},"12":{"start":{"line":33,"column":8},"end":{"line":35,"column":10}},"13":{"start":{"line":37,"column":4},"end":{"line":57,"column":5}},"14":{"start":{"line":39,"column":21},"end":{"line":39,"column":45}},"15":{"start":{"line":40,"column":31},"end":{"line":40,"column":64}},"16":{"start":{"line":41,"column":21},"end":{"line":45,"column":10}},"17":{"start":{"line":47,"column":8},"end":{"line":50,"column":10}},"18":{"start":{"line":53,"column":8},"end":{"line":53,"column":28}},"19":{"start":{"line":54,"column":8},"end":{"line":56,"column":10}},"20":{"start":{"line":60,"column":0},"end":{"line":94,"column":1}},"21":{"start":{"line":61,"column":31},"end":{"line":61,"column":39}},"22":{"start":{"line":62,"column":22},"end":{"line":62,"column":57}},"23":{"start":{"line":63,"column":26},"end":{"line":63,"column":76}},"24":{"start":{"line":67,"column":4},"end":{"line":69,"column":5}},"25":{"start":{"line":68,"column":8},"end":{"line":68,"column":74}},"26":{"start":{"line":71,"column":4},"end":{"line":73,"column":5}},"27":{"start":{"line":72,"column":8},"end":{"line":72,"column":68}},"28":{"start":{"line":75,"column":4},"end":{"line":77,"column":5}},"29":{"start":{"line":76,"column":8},"end":{"line":76,"column":65}},"30":{"start":{"line":79,"column":4},"end":{"line":93,"column":5}},"31":{"start":{"line":80,"column":23},"end":{"line":80,"column":41}},"32":{"start":{"line":82,"column":22},"end":{"line":82,"column":62}},"33":{"start":{"line":83,"column":8},"end":{"line":83,"column":67}},"34":{"start":{"line":85,"column":8},"end":{"line":87,"column":10}},"35":{"start":{"line":89,"column":8},"end":{"line":89,"column":28}},"36":{"start":{"line":90,"column":8},"end":{"line":92,"column":10}},"37":{"start":{"line":97,"column":0},"end":{"line":100,"column":1}},"38":{"start":{"line":98,"column":4},"end":{"line":98,"column":26}},"39":{"start":{"line":99,"column":4},"end":{"line":99,"column":45}}},"fnMap":{"0":{"name":"(anonymous_0)","decl":{"start":{"line":6,"column":26},"end":{"line":6,"column":27}},"loc":{"start":{"line":6,"column":46},"end":{"line":58,"column":1}},"line":6},"1":{"name":"(anonymous_1)","decl":{"start":{"line":28,"column":15},"end":{"line":28,"column":16}},"loc":{"start":{"line":28,"column":23},"end":{"line":30,"column":10}},"line":28},"2":{"name":"(anonymous_2)","decl":{"start":{"line":60,"column":23},"end":{"line":60,"column":24}},"loc":{"start":{"line":60,"column":43},"end":{"line":94,"column":1}},"line":60},"3":{"name":"(anonymous_3)","decl":{"start":{"line":97,"column":24},"end":{"line":97,"column":25}},"loc":{"start":{"line":97,"column":44},"end":{"line":100,"column":1}},"line":97}},"branchMap":{"0":{"loc":{"start":{"line":14,"column":4},"end":{"line":18,"column":5}},"type":"if","locations":[{"start":{"line":14,"column":4},"end":{"line":18,"column":5}},{"start":{},"end":{}}],"line":14},"1":{"loc":{"start":{"line":19,"column":4},"end":{"line":23,"column":5}},"type":"if","locations":[{"start":{"line":19,"column":4},"end":{"line":23,"column":5}},{"start":{},"end":{}}],"line":19},"2":{"loc":{"start":{"line":19,"column":8},"end":{"line":19,"column":56}},"type":"binary-expr","locations":[{"start":{"line":19,"column":8},"end":{"line":19,"column":13}},{"start":{"line":19,"column":17},"end":{"line":19,"column":23}},{"start":{"line":19,"column":27},"end":{"line":19,"column":36}},{"start":{"line":19,"column":40},"end":{"line":19,"column":56}}],"line":19},"3":{"loc":{"start":{"line":32,"column":4},"end":{"line":36,"column":5}},"type":"if","locations":[{"start":{"line":32,"column":4},"end":{"line":36,"column":5}},{"start":{},"end":{}}],"line":32},"4":{"loc":{"start":{"line":67,"column":4},"end":{"line":69,"column":5}},"type":"if","locations":[{"start":{"line":67,"column":4},"end":{"line":69,"column":5}},{"start":{},"end":{}}],"line":67},"5":{"loc":{"start":{"line":67,"column":8},"end":{"line":67,"column":27}},"type":"binary-expr","locations":[{"start":{"line":67,"column":8},"end":{"line":67,"column":14}},{"start":{"line":67,"column":18},"end":{"line":67,"column":27}}],"line":67},"6":{"loc":{"start":{"line":71,"column":4},"end":{"line":73,"column":5}},"type":"if","locations":[{"start":{"line":71,"column":4},"end":{"line":73,"column":5}},{"start":{},"end":{}}],"line":71},"7":{"loc":{"start":{"line":75,"column":4},"end":{"line":77,"column":5}},"type":"if","locations":[{"start":{"line":75,"column":4},"end":{"line":77,"column":5}},{"start":{},"end":{}}],"line":75}},"s":{"0":1,"1":1,"2":1,"3":1,"4":0,"5":0,"6":0,"7":0,"8":0,"9":0,"10":0,"11":0,"12":0,"13":0,"14":0,"15":0,"16":0,"17":0,"18":0,"19":0,"20":1,"21":0,"22":0,"23":0,"24":0,"25":0,"26":0,"27":0,"28":0,"29":0,"30":0,"31":0,"32":0,"33":0,"34":0,"35":0,"36":0,"37":1,"38":0,"39":0},"f":{"0":0,"1":0,"2":0,"3":0},"b":{"0":[0,0],"1":[0,0],"2":[0,0,0,0],"3":[0,0],"4":[0,0],"5":[0,0],"6":[0,0],"7":[0,0]},"_coverageSchema":"1a1c01bbd47fc00a2c39e90264f33305004495a9","hash":"81d07509b0da9d86091a1e6faf772ae5cec4e8ab"}
,"/Users/macbook/Documents/MyPharm_backend/node-backend/src/controllers/Brand/Brand.controller.js": {"path":"/Users/macbook/Documents/MyPharm_backend/node-backend/src/controllers/Brand/Brand.controller.js","statementMap":{"0":{"start":{"line":1,"column":14},"end":{"line":1,"column":49}},"1":{"start":{"line":2,"column":15},"end":{"line":2,"column":45}},"2":{"start":{"line":5,"column":0},"end":{"line":17,"column":1}},"3":{"start":{"line":6,"column":4},"end":{"line":16,"column":6}},"4":{"start":{"line":7,"column":22},"end":{"line":10,"column":6}},"5":{"start":{"line":12,"column":8},"end":{"line":12,"column":25}},"6":{"start":{"line":13,"column":8},"end":{"line":15,"column":10}},"7":{"start":{"line":19,"column":0},"end":{"line":28,"column":1}},"8":{"start":{"line":20,"column":4},"end":{"line":27,"column":6}},"9":{"start":{"line":21,"column":21},"end":{"line":21,"column":59}},"10":{"start":{"line":23,"column":8},"end":{"line":23,"column":25}},"11":{"start":{"line":24,"column":8},"end":{"line":26,"column":10}},"12":{"start":{"line":31,"column":0},"end":{"line":51,"column":1}},"13":{"start":{"line":32,"column":21},"end":{"line":32,"column":29}},"14":{"start":{"line":34,"column":23},"end":{"line":34,"column":58}},"15":{"start":{"line":35,"column":4},"end":{"line":39,"column":5}},"16":{"start":{"line":36,"column":8},"end":{"line":38,"column":10}},"17":{"start":{"line":40,"column":4},"end":{"line":50,"column":6}},"18":{"start":{"line":41,"column":24},"end":{"line":44,"column":6}},"19":{"start":{"line":46,"column":8},"end":{"line":46,"column":25}},"20":{"start":{"line":47,"column":8},"end":{"line":49,"column":10}},"21":{"start":{"line":54,"column":0},"end":{"line":73,"column":1}},"22":{"start":{"line":55,"column":19},"end":{"line":55,"column":29}},"23":{"start":{"line":56,"column":21},"end":{"line":56,"column":29}},"24":{"start":{"line":57,"column":18},"end":{"line":57,"column":42}},"25":{"start":{"line":58,"column":4},"end":{"line":62,"column":5}},"26":{"start":{"line":59,"column":8},"end":{"line":61,"column":10}},"27":{"start":{"line":63,"column":29},"end":{"line":72,"column":10}},"28":{"start":{"line":66,"column":28},"end":{"line":66,"column":113}},"29":{"start":{"line":68,"column":12},"end":{"line":68,"column":29}},"30":{"start":{"line":69,"column":12},"end":{"line":71,"column":14}},"31":{"start":{"line":76,"column":0},"end":{"line":92,"column":1}},"32":{"start":{"line":77,"column":19},"end":{"line":77,"column":29}},"33":{"start":{"line":78,"column":18},"end":{"line":78,"column":42}},"34":{"start":{"line":79,"column":4},"end":{"line":83,"column":5}},"35":{"start":{"line":80,"column":8},"end":{"line":82,"column":10}},"36":{"start":{"line":84,"column":4},"end":{"line":91,"column":6}},"37":{"start":{"line":85,"column":16},"end":{"line":85,"column":78}},"38":{"start":{"line":87,"column":8},"end":{"line":87,"column":25}},"39":{"start":{"line":88,"column":8},"end":{"line":90,"column":10}}},"fnMap":{"0":{"name":"(anonymous_0)","decl":{"start":{"line":5,"column":27},"end":{"line":5,"column":28}},"loc":{"start":{"line":5,"column":47},"end":{"line":17,"column":1}},"line":5},"1":{"name":"(anonymous_1)","decl":{"start":{"line":7,"column":10},"end":{"line":7,"column":11}},"loc":{"start":{"line":7,"column":22},"end":{"line":10,"column":6}},"line":7},"2":{"name":"(anonymous_2)","decl":{"start":{"line":11,"column":11},"end":{"line":11,"column":12}},"loc":{"start":{"line":11,"column":20},"end":{"line":16,"column":5}},"line":11},"3":{"name":"(anonymous_3)","decl":{"start":{"line":19,"column":30},"end":{"line":19,"column":31}},"loc":{"start":{"line":19,"column":50},"end":{"line":28,"column":1}},"line":19},"4":{"name":"(anonymous_4)","decl":{"start":{"line":21,"column":10},"end":{"line":21,"column":11}},"loc":{"start":{"line":21,"column":21},"end":{"line":21,"column":59}},"line":21},"5":{"name":"(anonymous_5)","decl":{"start":{"line":22,"column":11},"end":{"line":22,"column":12}},"loc":{"start":{"line":22,"column":20},"end":{"line":27,"column":5}},"line":22},"6":{"name":"(anonymous_6)","decl":{"start":{"line":31,"column":26},"end":{"line":31,"column":27}},"loc":{"start":{"line":31,"column":46},"end":{"line":51,"column":1}},"line":31},"7":{"name":"(anonymous_7)","decl":{"start":{"line":41,"column":10},"end":{"line":41,"column":11}},"loc":{"start":{"line":41,"column":24},"end":{"line":44,"column":6}},"line":41},"8":{"name":"(anonymous_8)","decl":{"start":{"line":45,"column":11},"end":{"line":45,"column":12}},"loc":{"start":{"line":45,"column":20},"end":{"line":50,"column":5}},"line":45},"9":{"name":"(anonymous_9)","decl":{"start":{"line":54,"column":29},"end":{"line":54,"column":30}},"loc":{"start":{"line":54,"column":49},"end":{"line":73,"column":1}},"line":54},"10":{"name":"(anonymous_10)","decl":{"start":{"line":66,"column":14},"end":{"line":66,"column":15}},"loc":{"start":{"line":66,"column":28},"end":{"line":66,"column":113}},"line":66},"11":{"name":"(anonymous_11)","decl":{"start":{"line":67,"column":15},"end":{"line":67,"column":16}},"loc":{"start":{"line":67,"column":24},"end":{"line":72,"column":9}},"line":67},"12":{"name":"(anonymous_12)","decl":{"start":{"line":76,"column":29},"end":{"line":76,"column":30}},"loc":{"start":{"line":76,"column":49},"end":{"line":92,"column":1}},"line":76},"13":{"name":"(anonymous_13)","decl":{"start":{"line":85,"column":10},"end":{"line":85,"column":11}},"loc":{"start":{"line":85,"column":16},"end":{"line":85,"column":78}},"line":85},"14":{"name":"(anonymous_14)","decl":{"start":{"line":86,"column":11},"end":{"line":86,"column":12}},"loc":{"start":{"line":86,"column":20},"end":{"line":91,"column":5}},"line":86}},"branchMap":{"0":{"loc":{"start":{"line":35,"column":4},"end":{"line":39,"column":5}},"type":"if","locations":[{"start":{"line":35,"column":4},"end":{"line":39,"column":5}},{"start":{},"end":{}}],"line":35},"1":{"loc":{"start":{"line":58,"column":4},"end":{"line":62,"column":5}},"type":"if","locations":[{"start":{"line":58,"column":4},"end":{"line":62,"column":5}},{"start":{},"end":{}}],"line":58},"2":{"loc":{"start":{"line":79,"column":4},"end":{"line":83,"column":5}},"type":"if","locations":[{"start":{"line":79,"column":4},"end":{"line":83,"column":5}},{"start":{},"end":{}}],"line":79}},"s":{"0":1,"1":1,"2":1,"3":0,"4":0,"5":0,"6":0,"7":1,"8":0,"9":0,"10":0,"11":0,"12":1,"13":0,"14":0,"15":0,"16":0,"17":0,"18":0,"19":0,"20":0,"21":1,"22":0,"23":0,"24":0,"25":0,"26":0,"27":0,"28":0,"29":0,"30":0,"31":1,"32":0,"33":0,"34":0,"35":0,"36":0,"37":0,"38":0,"39":0},"f":{"0":0,"1":0,"2":0,"3":0,"4":0,"5":0,"6":0,"7":0,"8":0,"9":0,"10":0,"11":0,"12":0,"13":0,"14":0},"b":{"0":[0,0],"1":[0,0],"2":[0,0]},"_coverageSchema":"1a1c01bbd47fc00a2c39e90264f33305004495a9","hash":"3fd818a30c422b2ada12c31504fd9f1709cd6b90"}
,"/Users/macbook/Documents/MyPharm_backend/node-backend/src/controllers/Category/Category.controller.js": {"path":"/Users/macbook/Documents/MyPharm_backend/node-backend/src/controllers/Category/Category.controller.js","statementMap":{"0":{"start":{"line":1,"column":17},"end":{"line":1,"column":55}},"1":{"start":{"line":2,"column":15},"end":{"line":2,"column":45}},"2":{"start":{"line":4,"column":0},"end":{"line":18,"column":1}},"3":{"start":{"line":5,"column":5},"end":{"line":17,"column":6}},"4":{"start":{"line":7,"column":8},"end":{"line":10,"column":10}},"5":{"start":{"line":13,"column":8},"end":{"line":13,"column":25}},"6":{"start":{"line":14,"column":8},"end":{"line":16,"column":10}},"7":{"start":{"line":21,"column":0},"end":{"line":36,"column":1}},"8":{"start":{"line":22,"column":19},"end":{"line":22,"column":29}},"9":{"start":{"line":23,"column":4},"end":{"line":35,"column":6}},"10":{"start":{"line":25,"column":8},"end":{"line":28,"column":10}},"11":{"start":{"line":31,"column":8},"end":{"line":31,"column":25}},"12":{"start":{"line":32,"column":8},"end":{"line":34,"column":10}},"13":{"start":{"line":39,"column":0},"end":{"line":66,"column":1}},"14":{"start":{"line":40,"column":34},"end":{"line":40,"column":42}},"15":{"start":{"line":42,"column":26},"end":{"line":44,"column":6}},"16":{"start":{"line":45,"column":4},"end":{"line":49,"column":5}},"17":{"start":{"line":46,"column":8},"end":{"line":48,"column":10}},"18":{"start":{"line":50,"column":4},"end":{"line":65,"column":6}},"19":{"start":{"line":55,"column":12},"end":{"line":58,"column":10}},"20":{"start":{"line":61,"column":8},"end":{"line":61,"column":25}},"21":{"start":{"line":62,"column":8},"end":{"line":64,"column":10}},"22":{"start":{"line":68,"column":0},"end":{"line":82,"column":1}},"23":{"start":{"line":69,"column":19},"end":{"line":69,"column":29}},"24":{"start":{"line":70,"column":34},"end":{"line":70,"column":42}},"25":{"start":{"line":71,"column":4},"end":{"line":81,"column":6}},"26":{"start":{"line":72,"column":24},"end":{"line":75,"column":6}},"27":{"start":{"line":77,"column":8},"end":{"line":77,"column":25}},"28":{"start":{"line":78,"column":8},"end":{"line":80,"column":10}},"29":{"start":{"line":84,"column":0},"end":{"line":89,"column":1}},"30":{"start":{"line":85,"column":19},"end":{"line":85,"column":29}},"31":{"start":{"line":86,"column":4},"end":{"line":88,"column":80}},"32":{"start":{"line":87,"column":16},"end":{"line":87,"column":82}},"33":{"start":{"line":88,"column":20},"end":{"line":88,"column":79}}},"fnMap":{"0":{"name":"(anonymous_0)","decl":{"start":{"line":4,"column":31},"end":{"line":4,"column":32}},"loc":{"start":{"line":4,"column":51},"end":{"line":18,"column":1}},"line":4},"1":{"name":"(anonymous_1)","decl":{"start":{"line":6,"column":10},"end":{"line":6,"column":11}},"loc":{"start":{"line":6,"column":22},"end":{"line":11,"column":5}},"line":6},"2":{"name":"(anonymous_2)","decl":{"start":{"line":12,"column":11},"end":{"line":12,"column":12}},"loc":{"start":{"line":12,"column":20},"end":{"line":17,"column":5}},"line":12},"3":{"name":"(anonymous_3)","decl":{"start":{"line":21,"column":33},"end":{"line":21,"column":34}},"loc":{"start":{"line":21,"column":53},"end":{"line":36,"column":1}},"line":21},"4":{"name":"(anonymous_4)","decl":{"start":{"line":24,"column":10},"end":{"line":24,"column":11}},"loc":{"start":{"line":24,"column":22},"end":{"line":29,"column":5}},"line":24},"5":{"name":"(anonymous_5)","decl":{"start":{"line":30,"column":11},"end":{"line":30,"column":12}},"loc":{"start":{"line":30,"column":20},"end":{"line":35,"column":5}},"line":30},"6":{"name":"(anonymous_6)","decl":{"start":{"line":39,"column":29},"end":{"line":39,"column":30}},"loc":{"start":{"line":39,"column":48},"end":{"line":66,"column":1}},"line":39},"7":{"name":"(anonymous_7)","decl":{"start":{"line":54,"column":10},"end":{"line":54,"column":11}},"loc":{"start":{"line":54,"column":22},"end":{"line":59,"column":5}},"line":54},"8":{"name":"(anonymous_8)","decl":{"start":{"line":60,"column":11},"end":{"line":60,"column":12}},"loc":{"start":{"line":60,"column":18},"end":{"line":65,"column":5}},"line":60},"9":{"name":"(anonymous_9)","decl":{"start":{"line":68,"column":32},"end":{"line":68,"column":33}},"loc":{"start":{"line":68,"column":52},"end":{"line":82,"column":1}},"line":68},"10":{"name":"(anonymous_10)","decl":{"start":{"line":72,"column":10},"end":{"line":72,"column":11}},"loc":{"start":{"line":72,"column":24},"end":{"line":75,"column":6}},"line":72},"11":{"name":"(anonymous_11)","decl":{"start":{"line":76,"column":11},"end":{"line":76,"column":12}},"loc":{"start":{"line":76,"column":20},"end":{"line":81,"column":5}},"line":76},"12":{"name":"(anonymous_12)","decl":{"start":{"line":84,"column":32},"end":{"line":84,"column":33}},"loc":{"start":{"line":84,"column":51},"end":{"line":89,"column":1}},"line":84},"13":{"name":"(anonymous_13)","decl":{"start":{"line":87,"column":10},"end":{"line":87,"column":11}},"loc":{"start":{"line":87,"column":16},"end":{"line":87,"column":82}},"line":87},"14":{"name":"(anonymous_14)","decl":{"start":{"line":88,"column":11},"end":{"line":88,"column":12}},"loc":{"start":{"line":88,"column":20},"end":{"line":88,"column":79}},"line":88}},"branchMap":{"0":{"loc":{"start":{"line":45,"column":4},"end":{"line":49,"column":5}},"type":"if","locations":[{"start":{"line":45,"column":4},"end":{"line":49,"column":5}},{"start":{},"end":{}}],"line":45}},"s":{"0":1,"1":1,"2":1,"3":0,"4":0,"5":0,"6":0,"7":1,"8":0,"9":0,"10":0,"11":0,"12":0,"13":1,"14":0,"15":0,"16":0,"17":0,"18":0,"19":0,"20":0,"21":0,"22":1,"23":0,"24":0,"25":0,"26":0,"27":0,"28":0,"29":1,"30":0,"31":0,"32":0,"33":0},"f":{"0":0,"1":0,"2":0,"3":0,"4":0,"5":0,"6":0,"7":0,"8":0,"9":0,"10":0,"11":0,"12":0,"13":0,"14":0},"b":{"0":[0,0]},"_coverageSchema":"1a1c01bbd47fc00a2c39e90264f33305004495a9","hash":"da84759e51deb49c2f8deaf8ddc85d020fbb08ca"}
,"/Users/macbook/Documents/MyPharm_backend/node-backend/src/controllers/Product/Product.controller.js": {"path":"/Users/macbook/Documents/MyPharm_backend/node-backend/src/controllers/Product/Product.controller.js","statementMap":{"0":{"start":{"line":1,"column":16},"end":{"line":1,"column":53}},"1":{"start":{"line":2,"column":17},"end":{"line":2,"column":55}},"2":{"start":{"line":3,"column":14},"end":{"line":3,"column":49}},"3":{"start":{"line":4,"column":15},"end":{"line":4,"column":45}},"4":{"start":{"line":6,"column":0},"end":{"line":18,"column":1}},"5":{"start":{"line":7,"column":4},"end":{"line":17,"column":6}},"6":{"start":{"line":9,"column":8},"end":{"line":12,"column":10}},"7":{"start":{"line":15,"column":8},"end":{"line":15,"column":24}},"8":{"start":{"line":16,"column":8},"end":{"line":16,"column":58}},"9":{"start":{"line":21,"column":0},"end":{"line":33,"column":1}},"10":{"start":{"line":22,"column":4},"end":{"line":32,"column":6}},"11":{"start":{"line":24,"column":8},"end":{"line":27,"column":10}},"12":{"start":{"line":30,"column":8},"end":{"line":30,"column":24}},"13":{"start":{"line":31,"column":8},"end":{"line":31,"column":58}},"14":{"start":{"line":36,"column":0},"end":{"line":80,"column":1}},"15":{"start":{"line":44,"column":8},"end":{"line":44,"column":16}},"16":{"start":{"line":46,"column":25},"end":{"line":49,"column":6}},"17":{"start":{"line":50,"column":4},"end":{"line":54,"column":5}},"18":{"start":{"line":51,"column":8},"end":{"line":53,"column":10}},"19":{"start":{"line":55,"column":4},"end":{"line":79,"column":5}},"20":{"start":{"line":56,"column":24},"end":{"line":71,"column":42}},"21":{"start":{"line":65,"column":12},"end":{"line":65,"column":65}},"22":{"start":{"line":66,"column":12},"end":{"line":69,"column":14}},"23":{"start":{"line":71,"column":24},"end":{"line":71,"column":41}},"24":{"start":{"line":75,"column":8},"end":{"line":75,"column":27}},"25":{"start":{"line":76,"column":8},"end":{"line":78,"column":10}},"26":{"start":{"line":82,"column":0},"end":{"line":111,"column":5}},"27":{"start":{"line":83,"column":19},"end":{"line":83,"column":29}},"28":{"start":{"line":91,"column":8},"end":{"line":91,"column":16}},"29":{"start":{"line":92,"column":20},"end":{"line":92,"column":46}},"30":{"start":{"line":93,"column":4},"end":{"line":97,"column":5}},"31":{"start":{"line":94,"column":8},"end":{"line":96,"column":10}},"32":{"start":{"line":98,"column":31},"end":{"line":110,"column":10}},"33":{"start":{"line":106,"column":28},"end":{"line":106,"column":115}},"34":{"start":{"line":108,"column":12},"end":{"line":108,"column":28}},"35":{"start":{"line":109,"column":12},"end":{"line":109,"column":62}},"36":{"start":{"line":113,"column":0},"end":{"line":125,"column":1}},"37":{"start":{"line":114,"column":19},"end":{"line":114,"column":29}},"38":{"start":{"line":116,"column":20},"end":{"line":116,"column":46}},"39":{"start":{"line":117,"column":4},"end":{"line":121,"column":5}},"40":{"start":{"line":118,"column":8},"end":{"line":120,"column":10}},"41":{"start":{"line":122,"column":4},"end":{"line":124,"column":71}},"42":{"start":{"line":123,"column":16},"end":{"line":123,"column":80}},"43":{"start":{"line":124,"column":20},"end":{"line":124,"column":70}},"44":{"start":{"line":127,"column":0},"end":{"line":155,"column":1}},"45":{"start":{"line":128,"column":19},"end":{"line":128,"column":29}},"46":{"start":{"line":129,"column":27},"end":{"line":129,"column":35}},"47":{"start":{"line":130,"column":20},"end":{"line":136,"column":6}},"48":{"start":{"line":132,"column":8},"end":{"line":132,"column":24}},"49":{"start":{"line":133,"column":8},"end":{"line":135,"column":10}},"50":{"start":{"line":138,"column":4},"end":{"line":154,"column":6}},"51":{"start":{"line":140,"column":8},"end":{"line":144,"column":9}},"52":{"start":{"line":141,"column":12},"end":{"line":143,"column":14}},"53":{"start":{"line":145,"column":8},"end":{"line":145,"column":45}},"54":{"start":{"line":146,"column":8},"end":{"line":146,"column":22}},"55":{"start":{"line":147,"column":8},"end":{"line":147,"column":102}},"56":{"start":{"line":150,"column":8},"end":{"line":150,"column":24}},"57":{"start":{"line":151,"column":8},"end":{"line":153,"column":10}},"58":{"start":{"line":157,"column":0},"end":{"line":186,"column":1}},"59":{"start":{"line":158,"column":19},"end":{"line":158,"column":29}},"60":{"start":{"line":159,"column":24},"end":{"line":159,"column":32}},"61":{"start":{"line":161,"column":20},"end":{"line":167,"column":6}},"62":{"start":{"line":163,"column":8},"end":{"line":163,"column":25}},"63":{"start":{"line":164,"column":8},"end":{"line":166,"column":10}},"64":{"start":{"line":169,"column":4},"end":{"line":185,"column":6}},"65":{"start":{"line":171,"column":8},"end":{"line":175,"column":9}},"66":{"start":{"line":172,"column":12},"end":{"line":174,"column":14}},"67":{"start":{"line":176,"column":8},"end":{"line":176,"column":40}},"68":{"start":{"line":177,"column":8},"end":{"line":177,"column":22}},"69":{"start":{"line":178,"column":11},"end":{"line":178,"column":101}},"70":{"start":{"line":181,"column":11},"end":{"line":181,"column":28}},"71":{"start":{"line":182,"column":12},"end":{"line":184,"column":10}}},"fnMap":{"0":{"name":"(anonymous_0)","decl":{"start":{"line":6,"column":29},"end":{"line":6,"column":30}},"loc":{"start":{"line":6,"column":49},"end":{"line":18,"column":1}},"line":6},"1":{"name":"(anonymous_1)","decl":{"start":{"line":8,"column":10},"end":{"line":8,"column":11}},"loc":{"start":{"line":8,"column":24},"end":{"line":13,"column":5}},"line":8},"2":{"name":"(anonymous_2)","decl":{"start":{"line":14,"column":11},"end":{"line":14,"column":12}},"loc":{"start":{"line":14,"column":20},"end":{"line":17,"column":5}},"line":14},"3":{"name":"(anonymous_3)","decl":{"start":{"line":21,"column":32},"end":{"line":21,"column":33}},"loc":{"start":{"line":21,"column":52},"end":{"line":33,"column":1}},"line":21},"4":{"name":"(anonymous_4)","decl":{"start":{"line":23,"column":10},"end":{"line":23,"column":11}},"loc":{"start":{"line":23,"column":24},"end":{"line":28,"column":5}},"line":23},"5":{"name":"(anonymous_5)","decl":{"start":{"line":29,"column":11},"end":{"line":29,"column":12}},"loc":{"start":{"line":29,"column":20},"end":{"line":32,"column":5}},"line":29},"6":{"name":"(anonymous_6)","decl":{"start":{"line":36,"column":28},"end":{"line":36,"column":29}},"loc":{"start":{"line":36,"column":48},"end":{"line":80,"column":1}},"line":36},"7":{"name":"(anonymous_7)","decl":{"start":{"line":64,"column":14},"end":{"line":64,"column":15}},"loc":{"start":{"line":64,"column":28},"end":{"line":70,"column":9}},"line":64},"8":{"name":"(anonymous_8)","decl":{"start":{"line":71,"column":15},"end":{"line":71,"column":16}},"loc":{"start":{"line":71,"column":24},"end":{"line":71,"column":41}},"line":71},"9":{"name":"(anonymous_9)","decl":{"start":{"line":82,"column":31},"end":{"line":82,"column":32}},"loc":{"start":{"line":82,"column":51},"end":{"line":111,"column":5}},"line":82},"10":{"name":"(anonymous_10)","decl":{"start":{"line":106,"column":14},"end":{"line":106,"column":15}},"loc":{"start":{"line":106,"column":28},"end":{"line":106,"column":115}},"line":106},"11":{"name":"(anonymous_11)","decl":{"start":{"line":107,"column":15},"end":{"line":107,"column":16}},"loc":{"start":{"line":107,"column":24},"end":{"line":110,"column":9}},"line":107},"12":{"name":"(anonymous_12)","decl":{"start":{"line":113,"column":31},"end":{"line":113,"column":32}},"loc":{"start":{"line":113,"column":51},"end":{"line":125,"column":1}},"line":113},"13":{"name":"(anonymous_13)","decl":{"start":{"line":123,"column":10},"end":{"line":123,"column":11}},"loc":{"start":{"line":123,"column":16},"end":{"line":123,"column":80}},"line":123},"14":{"name":"(anonymous_14)","decl":{"start":{"line":124,"column":11},"end":{"line":124,"column":12}},"loc":{"start":{"line":124,"column":20},"end":{"line":124,"column":70}},"line":124},"15":{"name":"(anonymous_15)","decl":{"start":{"line":127,"column":38},"end":{"line":127,"column":39}},"loc":{"start":{"line":127,"column":58},"end":{"line":155,"column":1}},"line":127},"16":{"name":"(anonymous_16)","decl":{"start":{"line":131,"column":11},"end":{"line":131,"column":12}},"loc":{"start":{"line":131,"column":20},"end":{"line":136,"column":5}},"line":131},"17":{"name":"(anonymous_17)","decl":{"start":{"line":139,"column":10},"end":{"line":139,"column":11}},"loc":{"start":{"line":139,"column":24},"end":{"line":148,"column":5}},"line":139},"18":{"name":"(anonymous_18)","decl":{"start":{"line":149,"column":11},"end":{"line":149,"column":12}},"loc":{"start":{"line":149,"column":20},"end":{"line":154,"column":5}},"line":149},"19":{"name":"(anonymous_19)","decl":{"start":{"line":157,"column":35},"end":{"line":157,"column":36}},"loc":{"start":{"line":157,"column":55},"end":{"line":186,"column":1}},"line":157},"20":{"name":"(anonymous_20)","decl":{"start":{"line":162,"column":11},"end":{"line":162,"column":12}},"loc":{"start":{"line":162,"column":20},"end":{"line":167,"column":5}},"line":162},"21":{"name":"(anonymous_21)","decl":{"start":{"line":170,"column":10},"end":{"line":170,"column":11}},"loc":{"start":{"line":170,"column":24},"end":{"line":179,"column":8}},"line":170},"22":{"name":"(anonymous_22)","decl":{"start":{"line":180,"column":14},"end":{"line":180,"column":15}},"loc":{"start":{"line":180,"column":23},"end":{"line":185,"column":5}},"line":180}},"branchMap":{"0":{"loc":{"start":{"line":50,"column":4},"end":{"line":54,"column":5}},"type":"if","locations":[{"start":{"line":50,"column":4},"end":{"line":54,"column":5}},{"start":{},"end":{}}],"line":50},"1":{"loc":{"start":{"line":93,"column":4},"end":{"line":97,"column":5}},"type":"if","locations":[{"start":{"line":93,"column":4},"end":{"line":97,"column":5}},{"start":{},"end":{}}],"line":93},"2":{"loc":{"start":{"line":117,"column":4},"end":{"line":121,"column":5}},"type":"if","locations":[{"start":{"line":117,"column":4},"end":{"line":121,"column":5}},{"start":{},"end":{}}],"line":117},"3":{"loc":{"start":{"line":140,"column":8},"end":{"line":144,"column":9}},"type":"if","locations":[{"start":{"line":140,"column":8},"end":{"line":144,"column":9}},{"start":{},"end":{}}],"line":140},"4":{"loc":{"start":{"line":171,"column":8},"end":{"line":175,"column":9}},"type":"if","locations":[{"start":{"line":171,"column":8},"end":{"line":175,"column":9}},{"start":{},"end":{}}],"line":171}},"s":{"0":1,"1":1,"2":1,"3":1,"4":1,"5":1,"6":1,"7":0,"8":0,"9":1,"10":1,"11":1,"12":0,"13":0,"14":1,"15":1,"16":1,"17":1,"18":0,"19":1,"20":1,"21":1,"22":1,"23":0,"24":0,"25":0,"26":1,"27":1,"28":1,"29":1,"30":1,"31":1,"32":0,"33":0,"34":0,"35":0,"36":1,"37":1,"38":1,"39":1,"40":1,"41":0,"42":0,"43":0,"44":1,"45":0,"46":0,"47":0,"48":0,"49":0,"50":0,"51":0,"52":0,"53":0,"54":0,"55":0,"56":0,"57":0,"58":1,"59":0,"60":0,"61":0,"62":0,"63":0,"64":0,"65":0,"66":0,"67":0,"68":0,"69":0,"70":0,"71":0},"f":{"0":1,"1":1,"2":0,"3":1,"4":1,"5":0,"6":1,"7":1,"8":0,"9":1,"10":0,"11":0,"12":1,"13":0,"14":0,"15":0,"16":0,"17":0,"18":0,"19":0,"20":0,"21":0,"22":0},"b":{"0":[0,1],"1":[1,0],"2":[1,0],"3":[0,0],"4":[0,0]},"_coverageSchema":"1a1c01bbd47fc00a2c39e90264f33305004495a9","hash":"ee39a48fca53bf5a6bad00bca26cdae854d16e4a"}
,"/Users/macbook/Documents/MyPharm_backend/node-backend/src/database/dbConnect.js": {"path":"/Users/macbook/Documents/MyPharm_backend/node-backend/src/database/dbConnect.js","statementMap":{"0":{"start":{"line":1,"column":0},"end":{"line":1,"column":26}},"1":{"start":{"line":2,"column":15},"end":{"line":2,"column":42}},"2":{"start":{"line":3,"column":12},"end":{"line":3,"column":35}},"3":{"start":{"line":4,"column":17},"end":{"line":4,"column":36}},"4":{"start":{"line":6,"column":0},"end":{"line":13,"column":1}},"5":{"start":{"line":7,"column":4},"end":{"line":12,"column":73}},"6":{"start":{"line":11,"column":16},"end":{"line":11,"column":54}},"7":{"start":{"line":12,"column":20},"end":{"line":12,"column":72}},"8":{"start":{"line":15,"column":0},"end":{"line":17,"column":1}},"9":{"start":{"line":16,"column":4},"end":{"line":16,"column":37}}},"fnMap":{"0":{"name":"(anonymous_0)","decl":{"start":{"line":6,"column":31},"end":{"line":6,"column":32}},"loc":{"start":{"line":6,"column":43},"end":{"line":13,"column":1}},"line":6},"1":{"name":"(anonymous_1)","decl":{"start":{"line":11,"column":10},"end":{"line":11,"column":11}},"loc":{"start":{"line":11,"column":16},"end":{"line":11,"column":54}},"line":11},"2":{"name":"(anonymous_2)","decl":{"start":{"line":12,"column":11},"end":{"line":12,"column":12}},"loc":{"start":{"line":12,"column":20},"end":{"line":12,"column":72}},"line":12},"3":{"name":"(anonymous_3)","decl":{"start":{"line":15,"column":28},"end":{"line":15,"column":29}},"loc":{"start":{"line":15,"column":40},"end":{"line":17,"column":1}},"line":15}},"branchMap":{},"s":{"0":1,"1":1,"2":1,"3":1,"4":1,"5":1,"6":1,"7":0,"8":1,"9":1},"f":{"0":1,"1":1,"2":0,"3":1},"b":{},"_coverageSchema":"1a1c01bbd47fc00a2c39e90264f33305004495a9","hash":"9d696a339f9a19359b2d5c680703188f93916a29"}
,"/Users/macbook/Documents/MyPharm_backend/node-backend/src/middleware/authMiddleware.js": {"path":"/Users/macbook/Documents/MyPharm_backend/node-backend/src/middleware/authMiddleware.js","statementMap":{"0":{"start":{"line":1,"column":12},"end":{"line":1,"column":35}},"1":{"start":{"line":2,"column":15},"end":{"line":2,"column":42}},"2":{"start":{"line":4,"column":19},"end":{"line":22,"column":1}},"3":{"start":{"line":5,"column":18},"end":{"line":5,"column":33}},"4":{"start":{"line":8,"column":4},"end":{"line":21,"column":5}},"5":{"start":{"line":9,"column":8},"end":{"line":17,"column":10}},"6":{"start":{"line":10,"column":12},"end":{"line":16,"column":13}},"7":{"start":{"line":11,"column":16},"end":{"line":11,"column":33}},"8":{"start":{"line":12,"column":16},"end":{"line":12,"column":70}},"9":{"start":{"line":14,"column":16},"end":{"line":14,"column":42}},"10":{"start":{"line":15,"column":16},"end":{"line":15,"column":23}},"11":{"start":{"line":20,"column":8},"end":{"line":20,"column":77}},"12":{"start":{"line":24,"column":0},"end":{"line":24,"column":32}}},"fnMap":{"0":{"name":"(anonymous_0)","decl":{"start":{"line":4,"column":19},"end":{"line":4,"column":20}},"loc":{"start":{"line":4,"column":39},"end":{"line":22,"column":1}},"line":4},"1":{"name":"(anonymous_1)","decl":{"start":{"line":9,"column":46},"end":{"line":9,"column":47}},"loc":{"start":{"line":9,"column":69},"end":{"line":17,"column":9}},"line":9}},"branchMap":{"0":{"loc":{"start":{"line":8,"column":4},"end":{"line":21,"column":5}},"type":"if","locations":[{"start":{"line":8,"column":4},"end":{"line":21,"column":5}},{"start":{"line":19,"column":8},"end":{"line":21,"column":5}}],"line":8},"1":{"loc":{"start":{"line":10,"column":12},"end":{"line":16,"column":13}},"type":"if","locations":[{"start":{"line":10,"column":12},"end":{"line":16,"column":13}},{"start":{"line":13,"column":18},"end":{"line":16,"column":13}}],"line":10}},"s":{"0":1,"1":1,"2":1,"3":0,"4":0,"5":0,"6":0,"7":0,"8":0,"9":0,"10":0,"11":0,"12":1},"f":{"0":0,"1":0},"b":{"0":[0,0],"1":[0,0]},"_coverageSchema":"1a1c01bbd47fc00a2c39e90264f33305004495a9","hash":"36c09646bffc53a072145c4d1e713f33bf52e69b"}
,"/Users/macbook/Documents/MyPharm_backend/node-backend/src/models/Brand.model.js": {"path":"/Users/macbook/Documents/MyPharm_backend/node-backend/src/models/Brand.model.js","statementMap":{"0":{"start":{"line":1,"column":17},"end":{"line":1,"column":36}},"1":{"start":{"line":2,"column":15},"end":{"line":2,"column":30}},"2":{"start":{"line":4,"column":20},"end":{"line":13,"column":2}},"3":{"start":{"line":15,"column":14},"end":{"line":15,"column":50}},"4":{"start":{"line":16,"column":0},"end":{"line":16,"column":23}}},"fnMap":{},"branchMap":{},"s":{"0":1,"1":1,"2":1,"3":1,"4":1},"f":{},"b":{},"_coverageSchema":"1a1c01bbd47fc00a2c39e90264f33305004495a9","hash":"b5634e17a11642c4f0692ab1fd7105278887dc27"}
,"/Users/macbook/Documents/MyPharm_backend/node-backend/src/models/Category.model.js": {"path":"/Users/macbook/Documents/MyPharm_backend/node-backend/src/models/Category.model.js","statementMap":{"0":{"start":{"line":1,"column":17},"end":{"line":1,"column":36}},"1":{"start":{"line":2,"column":15},"end":{"line":2,"column":30}},"2":{"start":{"line":4,"column":23},"end":{"line":17,"column":2}},"3":{"start":{"line":19,"column":17},"end":{"line":19,"column":59}},"4":{"start":{"line":20,"column":0},"end":{"line":20,"column":26}}},"fnMap":{},"branchMap":{},"s":{"0":1,"1":1,"2":1,"3":1,"4":1},"f":{},"b":{},"_coverageSchema":"1a1c01bbd47fc00a2c39e90264f33305004495a9","hash":"f0807022030414e9a3bafaa6e527b72b85e4ea96"}
,"/Users/macbook/Documents/MyPharm_backend/node-backend/src/models/Product.model.js": {"path":"/Users/macbook/Documents/MyPharm_backend/node-backend/src/models/Product.model.js","statementMap":{"0":{"start":{"line":1,"column":17},"end":{"line":1,"column":37}},"1":{"start":{"line":2,"column":15},"end":{"line":2,"column":30}},"2":{"start":{"line":4,"column":22},"end":{"line":29,"column":2}},"3":{"start":{"line":31,"column":16},"end":{"line":31,"column":56}},"4":{"start":{"line":32,"column":0},"end":{"line":32,"column":25}}},"fnMap":{},"branchMap":{},"s":{"0":1,"1":1,"2":1,"3":1,"4":1},"f":{},"b":{},"_coverageSchema":"1a1c01bbd47fc00a2c39e90264f33305004495a9","hash":"a1af47c5ca2caf97ec956a6698731157ab591dab"}
,"/Users/macbook/Documents/MyPharm_backend/node-backend/src/models/User.model.js": {"path":"/Users/macbook/Documents/MyPharm_backend/node-backend/src/models/User.model.js","statementMap":{"0":{"start":{"line":1,"column":17},"end":{"line":1,"column":36}},"1":{"start":{"line":2,"column":15},"end":{"line":2,"column":30}},"2":{"start":{"line":4,"column":19},"end":{"line":19,"column":2}},"3":{"start":{"line":21,"column":13},"end":{"line":21,"column":47}},"4":{"start":{"line":22,"column":0},"end":{"line":22,"column":22}}},"fnMap":{},"branchMap":{},"s":{"0":1,"1":1,"2":1,"3":1,"4":1},"f":{},"b":{},"_coverageSchema":"1a1c01bbd47fc00a2c39e90264f33305004495a9","hash":"ef43e926b687298120959a81b49e4008938b40a8"}
,"/Users/macbook/Documents/MyPharm_backend/node-backend/src/routes/Brand.route.js": {"path":"/Users/macbook/Documents/MyPharm_backend/node-backend/src/routes/Brand.route.js","statementMap":{"0":{"start":{"line":1,"column":15},"end":{"line":1,"column":42}},"1":{"start":{"line":2,"column":24},"end":{"line":2,"column":72}},"2":{"start":{"line":5,"column":0},"end":{"line":5,"column":42}},"3":{"start":{"line":7,"column":0},"end":{"line":7,"column":48}},"4":{"start":{"line":9,"column":0},"end":{"line":9,"column":42}},"5":{"start":{"line":11,"column":0},"end":{"line":11,"column":49}},"6":{"start":{"line":13,"column":0},"end":{"line":13,"column":50}},"7":{"start":{"line":15,"column":0},"end":{"line":15,"column":23}}},"fnMap":{},"branchMap":{},"s":{"0":1,"1":1,"2":1,"3":1,"4":1,"5":1,"6":1,"7":1},"f":{},"b":{},"_coverageSchema":"1a1c01bbd47fc00a2c39e90264f33305004495a9","hash":"697c77909d42058a29d9df4646f75ba1c45a4093"}
,"/Users/macbook/Documents/MyPharm_backend/node-backend/src/routes/Category.route.js": {"path":"/Users/macbook/Documents/MyPharm_backend/node-backend/src/routes/Category.route.js","statementMap":{"0":{"start":{"line":1,"column":15},"end":{"line":1,"column":42}},"1":{"start":{"line":2,"column":27},"end":{"line":2,"column":81}},"2":{"start":{"line":5,"column":0},"end":{"line":5,"column":49}},"3":{"start":{"line":7,"column":0},"end":{"line":7,"column":54}},"4":{"start":{"line":9,"column":0},"end":{"line":9,"column":48}},"5":{"start":{"line":11,"column":0},"end":{"line":11,"column":55}},"6":{"start":{"line":13,"column":0},"end":{"line":13,"column":56}},"7":{"start":{"line":15,"column":0},"end":{"line":15,"column":23}}},"fnMap":{},"branchMap":{},"s":{"0":1,"1":1,"2":1,"3":1,"4":1,"5":1,"6":1,"7":1},"f":{},"b":{},"_coverageSchema":"1a1c01bbd47fc00a2c39e90264f33305004495a9","hash":"c9ce193ab5a6cdeca982446cb4069b52632190b2"}
,"/Users/macbook/Documents/MyPharm_backend/node-backend/src/routes/Product.route.js": {"path":"/Users/macbook/Documents/MyPharm_backend/node-backend/src/routes/Product.route.js","statementMap":{"0":{"start":{"line":1,"column":15},"end":{"line":1,"column":42}},"1":{"start":{"line":2,"column":26},"end":{"line":2,"column":78}},"2":{"start":{"line":5,"column":0},"end":{"line":5,"column":47}},"3":{"start":{"line":7,"column":0},"end":{"line":7,"column":53}},"4":{"start":{"line":9,"column":0},"end":{"line":9,"column":47}},"5":{"start":{"line":11,"column":0},"end":{"line":11,"column":54}},"6":{"start":{"line":13,"column":0},"end":{"line":13,"column":55}},"7":{"start":{"line":15,"column":0},"end":{"line":15,"column":71}},"8":{"start":{"line":17,"column":0},"end":{"line":17,"column":64}},"9":{"start":{"line":19,"column":0},"end":{"line":19,"column":24}}},"fnMap":{},"branchMap":{},"s":{"0":1,"1":1,"2":1,"3":1,"4":1,"5":1,"6":1,"7":1,"8":1,"9":1},"f":{},"b":{},"_coverageSchema":"1a1c01bbd47fc00a2c39e90264f33305004495a9","hash":"6b3f756e177c69285e1c1ddfc96bf60501b8cd76"}
,"/Users/macbook/Documents/MyPharm_backend/node-backend/src/routes/User.route.js": {"path":"/Users/macbook/Documents/MyPharm_backend/node-backend/src/routes/User.route.js","statementMap":{"0":{"start":{"line":1,"column":15},"end":{"line":1,"column":42}},"1":{"start":{"line":2,"column":23},"end":{"line":2,"column":69}},"2":{"start":{"line":5,"column":0},"end":{"line":5,"column":54}},"3":{"start":{"line":7,"column":0},"end":{"line":7,"column":48}},"4":{"start":{"line":9,"column":0},"end":{"line":9,"column":49}},"5":{"start":{"line":12,"column":0},"end":{"line":12,"column":23}}},"fnMap":{},"branchMap":{},"s":{"0":1,"1":1,"2":1,"3":1,"4":1,"5":1},"f":{},"b":{},"_coverageSchema":"1a1c01bbd47fc00a2c39e90264f33305004495a9","hash":"268b043d29c365b32406798c150b7fedd3091ce7"}
}
