TN:
SF:src/app.js
FN:31,(anonymous_0)
FN:38,(anonymous_1)
FNF:2
FNH:0
FNDA:0,(anonymous_0)
FNDA:0,(anonymous_1)
DA:2,1
DA:3,1
DA:4,1
DA:5,1
DA:6,1
DA:9,1
DA:14,1
DA:15,1
DA:18,1
DA:21,1
DA:22,1
DA:23,1
DA:24,1
DA:26,1
DA:27,1
DA:28,1
DA:29,1
DA:31,1
DA:32,0
DA:33,0
DA:34,0
DA:38,1
DA:39,0
DA:40,0
DA:48,1
LF:25
LH:20
BRDA:39,0,0,0
BRDA:39,0,1,0
BRDA:42,1,0,0
BRDA:42,1,1,0
BRDA:43,2,0,0
BRDA:43,2,1,0
BRF:6
BRH:0
end_of_record
TN:
SF:src/config/logger.js
FNF:0
FNH:0
DA:5,1
DA:6,1
DA:7,1
DA:18,1
LF:4
LH:4
BRF:0
BRH:0
end_of_record
TN:
SF:src/controllers/Auth/Auth.controller.js
FN:6,(anonymous_0)
FN:28,(anonymous_1)
FN:60,(anonymous_2)
FN:97,(anonymous_3)
FNF:4
FNH:0
FNDA:0,(anonymous_0)
FNDA:0,(anonymous_1)
FNDA:0,(anonymous_2)
FNDA:0,(anonymous_3)
DA:1,1
DA:2,1
DA:3,1
DA:6,1
DA:12,0
DA:14,0
DA:15,0
DA:19,0
DA:20,0
DA:25,0
DA:28,0
DA:32,0
DA:33,0
DA:37,0
DA:39,0
DA:40,0
DA:41,0
DA:47,0
DA:53,0
DA:54,0
DA:60,1
DA:61,0
DA:62,0
DA:63,0
DA:67,0
DA:68,0
DA:71,0
DA:72,0
DA:75,0
DA:76,0
DA:79,0
DA:80,0
DA:82,0
DA:83,0
DA:85,0
DA:89,0
DA:90,0
DA:97,1
DA:98,0
DA:99,0
LF:40
LH:6
BRDA:14,0,0,0
BRDA:14,0,1,0
BRDA:19,1,0,0
BRDA:19,1,1,0
BRDA:19,2,0,0
BRDA:19,2,1,0
BRDA:19,2,2,0
BRDA:19,2,3,0
BRDA:32,3,0,0
BRDA:32,3,1,0
BRDA:67,4,0,0
BRDA:67,4,1,0
BRDA:67,5,0,0
BRDA:67,5,1,0
BRDA:71,6,0,0
BRDA:71,6,1,0
BRDA:75,7,0,0
BRDA:75,7,1,0
BRF:18
BRH:0
end_of_record
TN:
SF:src/controllers/Brand/Brand.controller.js
FN:5,(anonymous_0)
FN:7,(anonymous_1)
FN:11,(anonymous_2)
FN:19,(anonymous_3)
FN:21,(anonymous_4)
FN:22,(anonymous_5)
FN:31,(anonymous_6)
FN:41,(anonymous_7)
FN:45,(anonymous_8)
FN:54,(anonymous_9)
FN:66,(anonymous_10)
FN:67,(anonymous_11)
FN:76,(anonymous_12)
FN:85,(anonymous_13)
FN:86,(anonymous_14)
FNF:15
FNH:0
FNDA:0,(anonymous_0)
FNDA:0,(anonymous_1)
FNDA:0,(anonymous_2)
FNDA:0,(anonymous_3)
FNDA:0,(anonymous_4)
FNDA:0,(anonymous_5)
FNDA:0,(anonymous_6)
FNDA:0,(anonymous_7)
FNDA:0,(anonymous_8)
FNDA:0,(anonymous_9)
FNDA:0,(anonymous_10)
FNDA:0,(anonymous_11)
FNDA:0,(anonymous_12)
FNDA:0,(anonymous_13)
FNDA:0,(anonymous_14)
DA:1,1
DA:2,1
DA:5,1
DA:6,0
DA:7,0
DA:12,0
DA:13,0
DA:19,1
DA:20,0
DA:21,0
DA:23,0
DA:24,0
DA:31,1
DA:32,0
DA:34,0
DA:35,0
DA:36,0
DA:40,0
DA:41,0
DA:46,0
DA:47,0
DA:54,1
DA:55,0
DA:56,0
DA:57,0
DA:58,0
DA:59,0
DA:63,0
DA:66,0
DA:68,0
DA:69,0
DA:76,1
DA:77,0
DA:78,0
DA:79,0
DA:80,0
DA:84,0
DA:85,0
DA:87,0
DA:88,0
LF:40
LH:7
BRDA:35,0,0,0
BRDA:35,0,1,0
BRDA:58,1,0,0
BRDA:58,1,1,0
BRDA:79,2,0,0
BRDA:79,2,1,0
BRF:6
BRH:0
end_of_record
TN:
SF:src/controllers/Category/Category.controller.js
FN:4,(anonymous_0)
FN:6,(anonymous_1)
FN:12,(anonymous_2)
FN:21,(anonymous_3)
FN:24,(anonymous_4)
FN:30,(anonymous_5)
FN:39,(anonymous_6)
FN:54,(anonymous_7)
FN:60,(anonymous_8)
FN:68,(anonymous_9)
FN:72,(anonymous_10)
FN:76,(anonymous_11)
FN:84,(anonymous_12)
FN:87,(anonymous_13)
FN:88,(anonymous_14)
FNF:15
FNH:0
FNDA:0,(anonymous_0)
FNDA:0,(anonymous_1)
FNDA:0,(anonymous_2)
FNDA:0,(anonymous_3)
FNDA:0,(anonymous_4)
FNDA:0,(anonymous_5)
FNDA:0,(anonymous_6)
FNDA:0,(anonymous_7)
FNDA:0,(anonymous_8)
FNDA:0,(anonymous_9)
FNDA:0,(anonymous_10)
FNDA:0,(anonymous_11)
FNDA:0,(anonymous_12)
FNDA:0,(anonymous_13)
FNDA:0,(anonymous_14)
DA:1,1
DA:2,1
DA:4,1
DA:5,0
DA:7,0
DA:13,0
DA:14,0
DA:21,1
DA:22,0
DA:23,0
DA:25,0
DA:31,0
DA:32,0
DA:39,1
DA:40,0
DA:42,0
DA:45,0
DA:46,0
DA:50,0
DA:55,0
DA:61,0
DA:62,0
DA:68,1
DA:69,0
DA:70,0
DA:71,0
DA:72,0
DA:77,0
DA:78,0
DA:84,1
DA:85,0
DA:86,0
DA:87,0
DA:88,0
LF:34
LH:7
BRDA:45,0,0,0
BRDA:45,0,1,0
BRF:2
BRH:0
end_of_record
TN:
SF:src/controllers/Product/Product.controller.js
FN:6,(anonymous_0)
FN:8,(anonymous_1)
FN:14,(anonymous_2)
FN:21,(anonymous_3)
FN:23,(anonymous_4)
FN:29,(anonymous_5)
FN:36,(anonymous_6)
FN:64,(anonymous_7)
FN:71,(anonymous_8)
FN:82,(anonymous_9)
FN:106,(anonymous_10)
FN:107,(anonymous_11)
FN:113,(anonymous_12)
FN:123,(anonymous_13)
FN:124,(anonymous_14)
FN:127,(anonymous_15)
FN:131,(anonymous_16)
FN:139,(anonymous_17)
FN:149,(anonymous_18)
FN:157,(anonymous_19)
FN:162,(anonymous_20)
FN:170,(anonymous_21)
FN:180,(anonymous_22)
FNF:23
FNH:8
FNDA:1,(anonymous_0)
FNDA:1,(anonymous_1)
FNDA:0,(anonymous_2)
FNDA:1,(anonymous_3)
FNDA:1,(anonymous_4)
FNDA:0,(anonymous_5)
FNDA:1,(anonymous_6)
FNDA:1,(anonymous_7)
FNDA:0,(anonymous_8)
FNDA:1,(anonymous_9)
FNDA:0,(anonymous_10)
FNDA:0,(anonymous_11)
FNDA:1,(anonymous_12)
FNDA:0,(anonymous_13)
FNDA:0,(anonymous_14)
FNDA:0,(anonymous_15)
FNDA:0,(anonymous_16)
FNDA:0,(anonymous_17)
FNDA:0,(anonymous_18)
FNDA:0,(anonymous_19)
FNDA:0,(anonymous_20)
FNDA:0,(anonymous_21)
FNDA:0,(anonymous_22)
DA:1,1
DA:2,1
DA:3,1
DA:4,1
DA:6,1
DA:7,1
DA:9,1
DA:15,0
DA:16,0
DA:21,1
DA:22,1
DA:24,1
DA:30,0
DA:31,0
DA:36,1
DA:44,1
DA:46,1
DA:50,1
DA:51,0
DA:55,1
DA:56,1
DA:65,1
DA:66,1
DA:71,0
DA:75,0
DA:76,0
DA:82,1
DA:83,1
DA:91,1
DA:92,1
DA:93,1
DA:94,1
DA:98,0
DA:106,0
DA:108,0
DA:109,0
DA:113,1
DA:114,1
DA:116,1
DA:117,1
DA:118,1
DA:122,0
DA:123,0
DA:124,0
DA:127,1
DA:128,0
DA:129,0
DA:130,0
DA:132,0
DA:133,0
DA:138,0
DA:140,0
DA:141,0
DA:145,0
DA:146,0
DA:147,0
DA:150,0
DA:151,0
DA:157,1
DA:158,0
DA:159,0
DA:161,0
DA:163,0
DA:164,0
DA:169,0
DA:171,0
DA:172,0
DA:176,0
DA:177,0
DA:178,0
DA:181,0
DA:182,0
LF:72
LH:31
BRDA:50,0,0,0
BRDA:50,0,1,1
BRDA:93,1,0,1
BRDA:93,1,1,0
BRDA:117,2,0,1
BRDA:117,2,1,0
BRDA:140,3,0,0
BRDA:140,3,1,0
BRDA:171,4,0,0
BRDA:171,4,1,0
BRF:10
BRH:3
end_of_record
TN:
SF:src/database/dbConnect.js
FN:6,(anonymous_0)
FN:11,(anonymous_1)
FN:12,(anonymous_2)
FN:15,(anonymous_3)
FNF:4
FNH:3
FNDA:1,(anonymous_0)
FNDA:1,(anonymous_1)
FNDA:0,(anonymous_2)
FNDA:1,(anonymous_3)
DA:1,1
DA:2,1
DA:3,1
DA:4,1
DA:6,1
DA:7,1
DA:11,1
DA:12,0
DA:15,1
DA:16,1
LF:10
LH:9
BRF:0
BRH:0
end_of_record
TN:
SF:src/middleware/authMiddleware.js
FN:4,(anonymous_0)
FN:9,(anonymous_1)
FNF:2
FNH:0
FNDA:0,(anonymous_0)
FNDA:0,(anonymous_1)
DA:1,1
DA:2,1
DA:4,1
DA:5,0
DA:8,0
DA:9,0
DA:10,0
DA:11,0
DA:12,0
DA:14,0
DA:15,0
DA:20,0
DA:24,1
LF:13
LH:4
BRDA:8,0,0,0
BRDA:8,0,1,0
BRDA:10,1,0,0
BRDA:10,1,1,0
BRF:4
BRH:0
end_of_record
TN:
SF:src/models/Brand.model.js
FNF:0
FNH:0
DA:1,1
DA:2,1
DA:4,1
DA:15,1
DA:16,1
LF:5
LH:5
BRF:0
BRH:0
end_of_record
TN:
SF:src/models/Category.model.js
FNF:0
FNH:0
DA:1,1
DA:2,1
DA:4,1
DA:19,1
DA:20,1
LF:5
LH:5
BRF:0
BRH:0
end_of_record
TN:
SF:src/models/Product.model.js
FNF:0
FNH:0
DA:1,1
DA:2,1
DA:4,1
DA:31,1
DA:32,1
LF:5
LH:5
BRF:0
BRH:0
end_of_record
TN:
SF:src/models/User.model.js
FNF:0
FNH:0
DA:1,1
DA:2,1
DA:4,1
DA:21,1
DA:22,1
LF:5
LH:5
BRF:0
BRH:0
end_of_record
TN:
SF:src/routes/Brand.route.js
FNF:0
FNH:0
DA:1,1
DA:2,1
DA:5,1
DA:7,1
DA:9,1
DA:11,1
DA:13,1
DA:15,1
LF:8
LH:8
BRF:0
BRH:0
end_of_record
TN:
SF:src/routes/Category.route.js
FNF:0
FNH:0
DA:1,1
DA:2,1
DA:5,1
DA:7,1
DA:9,1
DA:11,1
DA:13,1
DA:15,1
LF:8
LH:8
BRF:0
BRH:0
end_of_record
TN:
SF:src/routes/Product.route.js
FNF:0
FNH:0
DA:1,1
DA:2,1
DA:5,1
DA:7,1
DA:9,1
DA:11,1
DA:13,1
DA:15,1
DA:17,1
DA:19,1
LF:10
LH:10
BRF:0
BRH:0
end_of_record
TN:
SF:src/routes/User.route.js
FNF:0
FNH:0
DA:1,1
DA:2,1
DA:5,1
DA:7,1
DA:9,1
DA:12,1
LF:6
LH:6
BRF:0
BRH:0
end_of_record
